\BOOKMARK [1][-]{section.1}{Introducci\363n}{}% 1
\BOOKMARK [2][-]{subsection.1.1}{Sensores CMOS-APS}{section.1}% 2
\BOOKMARK [2][-]{subsection.1.2}{Interacci\363n de la radiaci\363n de part\355culas con la materia}{section.1}% 3
\BOOKMARK [2][-]{subsection.1.3}{Rayos c\363smicos}{section.1}% 4
\BOOKMARK [2][-]{subsection.1.4}{Picos K y K}{section.1}% 5
\BOOKMARK [1][-]{section.2}{Configuraci\363n experimental}{}% 6
\BOOKMARK [2][-]{subsection.2.1}{Raspberry}{section.2}% 7
\BOOKMARK [2][-]{subsection.2.2}{Sensor CMOS}{section.2}% 8
\BOOKMARK [2][-]{subsection.2.3}{librer\355a raspiraw}{section.2}% 9
\BOOKMARK [1][-]{section.3}{Resultados}{}% 10
\BOOKMARK [2][-]{subsection.3.1}{Medici\363n de Rayos C\363smicos}{section.3}% 11
\BOOKMARK [2][-]{subsection.3.2}{Medici\363n de picos K y K}{section.3}% 12
\BOOKMARK [3][-]{subsubsection.3.2.1}{Cobre}{subsection.3.2}% 13
\BOOKMARK [3][-]{subsubsection.3.2.2}{Aluminio}{subsection.3.2}% 14
\BOOKMARK [3][-]{subsubsection.3.2.3}{Hierro}{subsection.3.2}% 15
\BOOKMARK [3][-]{subsubsection.3.2.4}{Calcio}{subsection.3.2}% 16
\BOOKMARK [1][-]{section.4}{Conclusiones}{}% 17
\BOOKMARK [1][-]{section.5}{Referencias}{}% 18
\BOOKMARK [1][-]{appendix.Alph1}{Alternativas a Raspiraw}{}% 19
\BOOKMARK [1][-]{appendix.Alph2}{Documentaci\363n de la librer\355a}{}% 20
\BOOKMARK [2][-]{subsection.Alph2.1}{rawImages}{appendix.Alph2}% 21
\BOOKMARK [2][-]{subsection.Alph2.2}{rawEvent}{appendix.Alph2}% 22
\BOOKMARK [2][-]{subsection.Alph2.3}{rawFilters}{appendix.Alph2}% 23
