This is pdfTeX, Version 3.14159265-2.6-1.40.19 (TeX Live 2018/W32TeX) (preloaded format=pdflatex 2018.5.5)  6 MAY 2018 19:29
entering extended mode
 restricted \write18 enabled.
 file:line:error style messages enabled.
 %&-line parsing enabled.
**"d:/OneDrive/IB/Cuarto Semestre/Experimental IV/ParticleDetections/Informe/ma
in.tex"

(d:/OneDrive/IB/Cuarto Semestre/Experimental IV/ParticleDetections/Informe/main
.tex
LaTeX2e <2018-04-01> patch level 4
Babel <3.20> and hyphenation patterns for 84 language(s) loaded.
(c:/texlive/2018/texmf-dist/tex/latex/base/article.cls
Document Class: article 2014/09/29 v1.4h Standard LaTeX document class
(c:/texlive/2018/texmf-dist/tex/latex/base/size10.clo
File: size10.clo 2014/09/29 v1.4h Standard LaTeX file (size option)
)
\c@part=\count80
\c@section=\count81
\c@subsection=\count82
\c@subsubsection=\count83
\c@paragraph=\count84
\c@subparagraph=\count85
\c@figure=\count86
\c@table=\count87
\abovecaptionskip=\skip41
\belowcaptionskip=\skip42
\bibindent=\dimen102
)
(c:/texlive/2018/texmf-dist/tex/latex/blindtext/blindtext.sty
Package: blindtext 2012/01/06 V2.0 blindtext-Package

(c:/texlive/2018/texmf-dist/tex/latex/tools/xspace.sty
Package: xspace 2014/10/28 v1.13 Space after command names (DPC,MH)
)
\c@blindtext=\count88
\c@Blindtext=\count89
\c@blind@countparstart=\count90
\blind@countxx=\count91
\blindtext@numBlindtext=\count92
\blind@countyy=\count93
\c@blindlist=\count94
\c@blindlistlevel=\count95
\c@blindlist@level=\count96
\blind@listitem=\count97
\c@blind@listcount=\count98
\c@blind@levelcount=\count99
\blind@mathformula=\count100
\blind@Mathformula=\count101
\c@blind@randomcount=\count102
\c@blind@randommax=\count103
\c@blind@pangramcount=\count104
\c@blind@pangrammax=\count105
)
(c:/texlive/2018/texmf-dist/tex/latex/psnfss/mathpazo.sty
Package: mathpazo 2005/04/12 PSNFSS-v9.2a Palatino w/ Pazo Math (D.Puga, WaS) 
\symupright=\mathgroup4
)
(c:/texlive/2018/texmf-dist/tex/latex/base/fontenc.sty
Package: fontenc 2017/04/05 v2.0i Standard LaTeX package

(c:/texlive/2018/texmf-dist/tex/latex/base/t1enc.def
File: t1enc.def 2017/04/05 v2.0i Standard LaTeX file
LaTeX Font Info:    Redeclaring font encoding T1 on input line 48.
))
(c:/texlive/2018/texmf-dist/tex/latex/microtype/microtype.sty
Package: microtype 2018/01/14 v2.7a Micro-typographical refinements (RS)

(c:/texlive/2018/texmf-dist/tex/latex/graphics/keyval.sty
Package: keyval 2014/10/28 v1.15 key=value parser (DPC)
\KV@toks@=\toks14
)
\MT@toks=\toks15
\MT@count=\count106
LaTeX Info: Redefining \textls on input line 793.
\MT@outer@kern=\dimen103
LaTeX Info: Redefining \textmicrotypecontext on input line 1339.
\MT@listname@count=\count107

(c:/texlive/2018/texmf-dist/tex/latex/microtype/microtype-pdftex.def
File: microtype-pdftex.def 2018/01/14 v2.7a Definitions specific to pdftex (RS)

LaTeX Info: Redefining \lsstyle on input line 913.
LaTeX Info: Redefining \lslig on input line 913.
\MT@outer@space=\skip43
)
Package microtype Info: Loading configuration file microtype.cfg.

(c:/texlive/2018/texmf-dist/tex/latex/microtype/microtype.cfg
File: microtype.cfg 2018/01/14 v2.7a microtype main configuration file (RS)
))
(c:/texlive/2018/texmf-dist/tex/generic/babel/babel.sty
Package: babel 2018/05/02 3.20 The Babel package

(c:/texlive/2018/texmf-dist/tex/generic/babel/switch.def
File: switch.def 2018/05/02 3.20 Babel switching mechanism
)
(c:/texlive/2018/texmf-dist/tex/generic/babel-spanish/spanish.ldf
Language: spanish.ldf 2016/03/03 v5.0p Spanish support from the babel system

(c:/texlive/2018/texmf-dist/tex/generic/babel/babel.def
File: babel.def 2018/05/02 3.20 Babel common definitions
\babel@savecnt=\count108
\U@D=\dimen104

(c:/texlive/2018/texmf-dist/tex/generic/babel/txtbabel.def)
\bbl@dirlevel=\count109
)
\es@quottoks=\toks16
\es@quotdepth=\count110
Package babel Info: Making " an active character on input line 561.
Package babel Info: Making . an active character on input line 662.
Package babel Info: Making < an active character on input line 707.
Package babel Info: Making > an active character on input line 707.
))
(c:/texlive/2018/texmf-dist/tex/latex/geometry/geometry.sty
Package: geometry 2018/03/24 v5.7 Page Geometry

(c:/texlive/2018/texmf-dist/tex/generic/oberdiek/ifpdf.sty
Package: ifpdf 2017/03/15 v3.2 Provides the ifpdf switch
)
(c:/texlive/2018/texmf-dist/tex/generic/oberdiek/ifvtex.sty
Package: ifvtex 2016/05/16 v1.6 Detect VTeX and its facilities (HO)
Package ifvtex Info: VTeX not detected.
)
(c:/texlive/2018/texmf-dist/tex/generic/ifxetex/ifxetex.sty
Package: ifxetex 2010/09/12 v0.6 Provides ifxetex conditional
)
\Gm@cnth=\count111
\Gm@cntv=\count112
\c@Gm@tempcnt=\count113
\Gm@bindingoffset=\dimen105
\Gm@wd@mp=\dimen106
\Gm@odd@mp=\dimen107
\Gm@even@mp=\dimen108
\Gm@layoutwidth=\dimen109
\Gm@layoutheight=\dimen110
\Gm@layouthoffset=\dimen111
\Gm@layoutvoffset=\dimen112
\Gm@dimlist=\toks17
)
(c:/texlive/2018/texmf-dist/tex/latex/caption/caption.sty
Package: caption 2017/03/19 v3.3-145 Customizing captions (AR)

(c:/texlive/2018/texmf-dist/tex/latex/caption/caption3.sty
Package: caption3 2018/04/15 v1.7-167 caption3 kernel (AR)
Package caption3 Info: TeX engine: e-TeX on input line 64.
\captionmargin=\dimen113
\captionmargin@=\dimen114
\captionwidth=\dimen115
\caption@tempdima=\dimen116
\caption@indent=\dimen117
\caption@parindent=\dimen118
\caption@hangindent=\dimen119
)
\c@ContinuedFloat=\count114
)
(c:/texlive/2018/texmf-dist/tex/latex/booktabs/booktabs.sty
Package: booktabs 2016/04/27 v1.618033 publication quality tables
\heavyrulewidth=\dimen120
\lightrulewidth=\dimen121
\cmidrulewidth=\dimen122
\belowrulesep=\dimen123
\belowbottomsep=\dimen124
\aboverulesep=\dimen125
\abovetopsep=\dimen126
\cmidrulesep=\dimen127
\cmidrulekern=\dimen128
\defaultaddspace=\dimen129
\@cmidla=\count115
\@cmidlb=\count116
\@aboverulesep=\dimen130
\@belowrulesep=\dimen131
\@thisruleclass=\count117
\@lastruleclass=\count118
\@thisrulewidth=\dimen132
)
(c:/texlive/2018/texmf-dist/tex/latex/lettrine/lettrine.sty
File: lettrine.sty 2015/08/31 v1.9 (Daniel Flipo)
\c@DefaultLines=\count119
\c@DefaultDepth=\count120
\DefaultFindent=\dimen133
\DefaultNindent=\dimen134
\DefaultSlope=\dimen135
\DiscardVskip=\dimen136
\L@lbox=\box26
\L@tbox=\box27
\c@L@lines=\count121
\c@L@depth=\count122
\L@Pindent=\dimen137
\L@Findent=\dimen138
\L@Nindent=\dimen139
\L@lraise=\dimen140
\L@first=\dimen141
\L@next=\dimen142
\L@slope=\dimen143
\L@height=\dimen144
\L@novskip=\dimen145
\LettrineWidth=\dimen146
\LettrineHeight=\dimen147
\LettrineDepth=\dimen148

Loading lettrine.cfg
(c:/texlive/2018/texmf-dist/tex/latex/lettrine/lettrine.cfg))
(c:/texlive/2018/texmf-dist/tex/latex/enumitem/enumitem.sty
Package: enumitem 2011/09/28 v3.5.2 Customized lists
\labelindent=\skip44
\enit@outerparindent=\dimen149
\enit@toks=\toks18
\enit@inbox=\box28
\enitdp@description=\count123
)
(c:/texlive/2018/texmf-dist/tex/latex/abstract/abstract.sty
Package: abstract 2009/06/08 v1.2a configurable abstracts
\abstitleskip=\skip45
\absleftindent=\skip46
\absrightindent=\skip47
\absparindent=\skip48
\absparsep=\skip49
)
(c:/texlive/2018/texmf-dist/tex/latex/titlesec/titlesec.sty
Package: titlesec 2016/03/21 v2.10.2 Sectioning titles
\ttl@box=\box29
\beforetitleunit=\skip50
\aftertitleunit=\skip51
\ttl@plus=\dimen150
\ttl@minus=\dimen151
\ttl@toksa=\toks19
\titlewidth=\dimen152
\titlewidthlast=\dimen153
\titlewidthfirst=\dimen154
)
(c:/texlive/2018/texmf-dist/tex/latex/titlesec/block.tss
File: block.tss 2016/03/15
)
(c:/texlive/2018/texmf-dist/tex/latex/fancyhdr/fancyhdr.sty
Package: fancyhdr 2017/06/30 v3.9a Extensive control of page headers and footer
s
\f@nch@headwidth=\skip52
\f@nch@O@elh=\skip53
\f@nch@O@erh=\skip54
\f@nch@O@olh=\skip55
\f@nch@O@orh=\skip56
\f@nch@O@elf=\skip57
\f@nch@O@erf=\skip58
\f@nch@O@olf=\skip59
\f@nch@O@orf=\skip60
)
(c:/texlive/2018/texmf-dist/tex/latex/titling/titling.sty
Package: titling 2009/09/04 v2.1d maketitle typesetting
\thanksmarkwidth=\skip61
\thanksmargin=\skip62
\droptitle=\skip63
)
(c:/texlive/2018/texmf-dist/tex/latex/hyperref/hyperref.sty
Package: hyperref 2018/02/06 v6.86b Hypertext links for LaTeX

(c:/texlive/2018/texmf-dist/tex/generic/oberdiek/hobsub-hyperref.sty
Package: hobsub-hyperref 2016/05/16 v1.14 Bundle oberdiek, subset hyperref (HO)


(c:/texlive/2018/texmf-dist/tex/generic/oberdiek/hobsub-generic.sty
Package: hobsub-generic 2016/05/16 v1.14 Bundle oberdiek, subset generic (HO)
Package: hobsub 2016/05/16 v1.14 Construct package bundles (HO)
Package: infwarerr 2016/05/16 v1.4 Providing info/warning/error messages (HO)
Package: ltxcmds 2016/05/16 v1.23 LaTeX kernel commands for general use (HO)
Package: ifluatex 2016/05/16 v1.4 Provides the ifluatex switch (HO)
Package ifluatex Info: LuaTeX not detected.
Package hobsub Info: Skipping package `ifvtex' (already loaded).
Package: intcalc 2016/05/16 v1.2 Expandable calculations with integers (HO)
Package hobsub Info: Skipping package `ifpdf' (already loaded).
Package: etexcmds 2016/05/16 v1.6 Avoid name clashes with e-TeX commands (HO)
Package etexcmds Info: Could not find \expanded.
(etexcmds)             That can mean that you are not using pdfTeX 1.50 or
(etexcmds)             that some package has redefined \expanded.
(etexcmds)             In the latter case, load this package earlier.
Package: kvsetkeys 2016/05/16 v1.17 Key value parser (HO)
Package: kvdefinekeys 2016/05/16 v1.4 Define keys (HO)
Package: pdftexcmds 2018/01/30 v0.27 Utility functions of pdfTeX for LuaTeX (HO
)
Package pdftexcmds Info: LuaTeX not detected.
Package pdftexcmds Info: \pdf@primitive is available.
Package pdftexcmds Info: \pdf@ifprimitive is available.
Package pdftexcmds Info: \pdfdraftmode found.
Package: pdfescape 2016/05/16 v1.14 Implements pdfTeX's escape features (HO)
Package: bigintcalc 2016/05/16 v1.4 Expandable calculations on big integers (HO
)
Package: bitset 2016/05/16 v1.2 Handle bit-vector datatype (HO)
Package: uniquecounter 2016/05/16 v1.3 Provide unlimited unique counter (HO)
)
Package hobsub Info: Skipping package `hobsub' (already loaded).
Package: letltxmacro 2016/05/16 v1.5 Let assignment for LaTeX macros (HO)
Package: hopatch 2016/05/16 v1.3 Wrapper for package hooks (HO)
Package: xcolor-patch 2016/05/16 xcolor patch
Package: atveryend 2016/05/16 v1.9 Hooks at the very end of document (HO)
Package atveryend Info: \enddocument detected (standard20110627).
Package: atbegshi 2016/06/09 v1.18 At begin shipout hook (HO)
Package: refcount 2016/05/16 v3.5 Data extraction from label references (HO)
Package: hycolor 2016/05/16 v1.8 Color options for hyperref/bookmark (HO)
)
(c:/texlive/2018/texmf-dist/tex/latex/oberdiek/auxhook.sty
Package: auxhook 2016/05/16 v1.4 Hooks for auxiliary files (HO)
)
(c:/texlive/2018/texmf-dist/tex/latex/oberdiek/kvoptions.sty
Package: kvoptions 2016/05/16 v3.12 Key value format for package options (HO)
)
\@linkdim=\dimen155
\Hy@linkcounter=\count124
\Hy@pagecounter=\count125

(c:/texlive/2018/texmf-dist/tex/latex/hyperref/pd1enc.def
File: pd1enc.def 2018/02/06 v6.86b Hyperref: PDFDocEncoding definition (HO)
Now handling font encoding PD1 ...
... no UTF-8 mapping file for font encoding PD1
)
\Hy@SavedSpaceFactor=\count126

(c:/texlive/2018/texmf-dist/tex/latex/latexconfig/hyperref.cfg
File: hyperref.cfg 2002/06/06 v1.2 hyperref configuration of TeXLive
)
Package hyperref Info: Hyper figures OFF on input line 4509.
Package hyperref Info: Link nesting OFF on input line 4514.
Package hyperref Info: Hyper index ON on input line 4517.
Package hyperref Info: Plain pages OFF on input line 4524.
Package hyperref Info: Backreferencing OFF on input line 4529.
Package hyperref Info: Implicit mode ON; LaTeX internals redefined.
Package hyperref Info: Bookmarks ON on input line 4762.
\c@Hy@tempcnt=\count127

(c:/texlive/2018/texmf-dist/tex/latex/url/url.sty
\Urlmuskip=\muskip10
Package: url 2013/09/16  ver 3.4  Verb mode for urls, etc.
)
LaTeX Info: Redefining \url on input line 5115.
\XeTeXLinkMargin=\dimen156
\Fld@menulength=\count128
\Field@Width=\dimen157
\Fld@charsize=\dimen158
Package hyperref Info: Hyper figures OFF on input line 6369.
Package hyperref Info: Link nesting OFF on input line 6374.
Package hyperref Info: Hyper index ON on input line 6377.
Package hyperref Info: backreferencing OFF on input line 6384.
Package hyperref Info: Link coloring OFF on input line 6389.
Package hyperref Info: Link coloring with OCG OFF on input line 6394.
Package hyperref Info: PDF/A mode OFF on input line 6399.
LaTeX Info: Redefining \ref on input line 6439.
LaTeX Info: Redefining \pageref on input line 6443.
\Hy@abspage=\count129
\c@Item=\count130
\c@Hfootnote=\count131
)
Package hyperref Info: Driver (autodetected): hpdftex.

(c:/texlive/2018/texmf-dist/tex/latex/hyperref/hpdftex.def
File: hpdftex.def 2018/02/06 v6.86b Hyperref driver for pdfTeX
\Fld@listcount=\count132
\c@bookmark@seq@number=\count133

(c:/texlive/2018/texmf-dist/tex/latex/oberdiek/rerunfilecheck.sty
Package: rerunfilecheck 2016/05/16 v1.8 Rerun checks for auxiliary files (HO)
Package uniquecounter Info: New unique counter `rerunfilecheck' on input line 2
82.
)
\Hy@SectionHShift=\skip64
)
(c:/texlive/2018/texmf-dist/tex/latex/graphics/graphics.sty
Package: graphics 2017/06/25 v1.2c Standard LaTeX Graphics (DPC,SPQR)

(c:/texlive/2018/texmf-dist/tex/latex/graphics/trig.sty
Package: trig 2016/01/03 v1.10 sin cos tan (DPC)
)
(c:/texlive/2018/texmf-dist/tex/latex/graphics-cfg/graphics.cfg
File: graphics.cfg 2016/06/04 v1.11 sample graphics configuration
)
Package graphics Info: Driver file: pdftex.def on input line 99.

(c:/texlive/2018/texmf-dist/tex/latex/graphics-def/pdftex.def
File: pdftex.def 2018/01/08 v1.0l Graphics/color driver for pdftex
))
(c:/texlive/2018/texmf-dist/tex/latex/graphics/graphicx.sty
Package: graphicx 2017/06/01 v1.1a Enhanced LaTeX Graphics (DPC,SPQR)
\Gin@req@height=\dimen159
\Gin@req@width=\dimen160
)
(c:/texlive/2018/texmf-dist/tex/latex/tools/longtable.sty
Package: longtable 2014/10/28 v4.11 Multi-page Table package (DPC)
\LTleft=\skip65
\LTright=\skip66
\LTpre=\skip67
\LTpost=\skip68
\LTchunksize=\count134
\LTcapwidth=\dimen161
\LT@head=\box30
\LT@firsthead=\box31
\LT@foot=\box32
\LT@lastfoot=\box33
\LT@cols=\count135
\LT@rows=\count136
\c@LT@tables=\count137
\c@LT@chunks=\count138
\LT@p@ftn=\toks20
)
(c:/texlive/2018/texmf-dist/tex/latex/siunitx/siunitx.sty
(c:/texlive/2018/texmf-dist/tex/latex/l3kernel/expl3.sty
Package: expl3 2018-04-30 L3 programming layer (loader) 

(c:/texlive/2018/texmf-dist/tex/latex/l3kernel/expl3-code.tex
Package: expl3 2018-04-30 L3 programming layer (code)
\c_max_int=\count139
\l_tmpa_int=\count140
\l_tmpb_int=\count141
\g_tmpa_int=\count142
\g_tmpb_int=\count143
\g__kernel_prg_map_int=\count144
\c_log_iow=\count145
\l_iow_line_count_int=\count146
\l__iow_line_target_int=\count147
\l__iow_one_indent_int=\count148
\l__iow_indent_int=\count149
\c_zero_dim=\dimen162
\c_max_dim=\dimen163
\l_tmpa_dim=\dimen164
\l_tmpb_dim=\dimen165
\g_tmpa_dim=\dimen166
\g_tmpb_dim=\dimen167
\c_zero_skip=\skip69
\c_max_skip=\skip70
\l_tmpa_skip=\skip71
\l_tmpb_skip=\skip72
\g_tmpa_skip=\skip73
\g_tmpb_skip=\skip74
\c_zero_muskip=\muskip11
\c_max_muskip=\muskip12
\l_tmpa_muskip=\muskip13
\l_tmpb_muskip=\muskip14
\g_tmpa_muskip=\muskip15
\g_tmpb_muskip=\muskip16
\l_keys_choice_int=\count150
\c__fp_leading_shift_int=\count151
\c__fp_middle_shift_int=\count152
\c__fp_trailing_shift_int=\count153
\c__fp_big_leading_shift_int=\count154
\c__fp_big_middle_shift_int=\count155
\c__fp_big_trailing_shift_int=\count156
\c__fp_Bigg_leading_shift_int=\count157
\c__fp_Bigg_middle_shift_int=\count158
\c__fp_Bigg_trailing_shift_int=\count159
\c__fp_rand_size_int=\count160
\c__fp_rand_four_int=\count161
\c__fp_rand_eight_int=\count162
\c__intarray_sp_dim=\dimen168
\g__intarray_font_int=\count163
\l__sort_length_int=\count164
\l__sort_min_int=\count165
\l__sort_top_int=\count166
\l__sort_max_int=\count167
\l__sort_true_max_int=\count168
\l__sort_block_int=\count169
\l__sort_begin_int=\count170
\l__sort_end_int=\count171
\l__sort_A_int=\count172
\l__sort_B_int=\count173
\l__sort_C_int=\count174
\l__tl_analysis_normal_int=\count175
\l__tl_analysis_index_int=\count176
\l__tl_analysis_nesting_int=\count177
\l__tl_analysis_type_int=\count178
\l__regex_internal_a_int=\count179
\l__regex_internal_b_int=\count180
\l__regex_internal_c_int=\count181
\l__regex_balance_int=\count182
\l__regex_group_level_int=\count183
\l__regex_mode_int=\count184
\c__regex_cs_in_class_mode_int=\count185
\c__regex_cs_mode_int=\count186
\l__regex_catcodes_int=\count187
\l__regex_default_catcodes_int=\count188
\c__regex_catcode_D_int=\count189
\c__regex_catcode_S_int=\count190
\c__regex_catcode_L_int=\count191
\c__regex_catcode_O_int=\count192
\c__regex_catcode_A_int=\count193
\c__regex_all_catcodes_int=\count194
\l__regex_show_lines_int=\count195
\l__regex_min_state_int=\count196
\l__regex_max_state_int=\count197
\l__regex_left_state_int=\count198
\l__regex_right_state_int=\count199
\l__regex_capturing_group_int=\count266
\l__regex_min_pos_int=\count267
\l__regex_max_pos_int=\count268
\l__regex_curr_pos_int=\count269
\l__regex_start_pos_int=\count270
\l__regex_success_pos_int=\count271
\l__regex_curr_char_int=\count272
\l__regex_curr_catcode_int=\count273
\l__regex_last_char_int=\count274
\l__regex_case_changed_char_int=\count275
\l__regex_curr_state_int=\count276
\l__regex_step_int=\count277
\l__regex_min_active_int=\count278
\l__regex_max_active_int=\count279
\l__regex_replacement_csnames_int=\count280
\l__regex_match_count_int=\count281
\l__regex_min_submatch_int=\count282
\l__regex_submatch_int=\count283
\l__regex_zeroth_submatch_int=\count284
\g__regex_trace_regex_int=\count285
\c_empty_box=\box34
\l_tmpa_box=\box35
\l_tmpb_box=\box36
\g_tmpa_box=\box37
\g_tmpb_box=\box38
\l__box_top_dim=\dimen169
\l__box_bottom_dim=\dimen170
\l__box_left_dim=\dimen171
\l__box_right_dim=\dimen172
\l__box_top_new_dim=\dimen173
\l__box_bottom_new_dim=\dimen174
\l__box_left_new_dim=\dimen175
\l__box_right_new_dim=\dimen176
\l__box_internal_box=\box39
\l__coffin_internal_box=\box40
\l__coffin_internal_dim=\dimen177
\l__coffin_offset_x_dim=\dimen178
\l__coffin_offset_y_dim=\dimen179
\l__coffin_x_dim=\dimen180
\l__coffin_y_dim=\dimen181
\l__coffin_x_prime_dim=\dimen182
\l__coffin_y_prime_dim=\dimen183
\c_empty_coffin=\box41
\l__coffin_aligned_coffin=\box42
\l__coffin_aligned_internal_coffin=\box43
\l_tmpa_coffin=\box44
\l_tmpb_coffin=\box45
\l__coffin_display_coffin=\box46
\l__coffin_display_coord_coffin=\box47
\l__coffin_display_pole_coffin=\box48
\l__coffin_display_offset_dim=\dimen184
\l__coffin_display_x_dim=\dimen185
\l__coffin_display_y_dim=\dimen186
\g__file_internal_ior=\read1
\l__coffin_bounding_shift_dim=\dimen187
\l__coffin_left_corner_dim=\dimen188
\l__coffin_right_corner_dim=\dimen189
\l__coffin_bottom_corner_dim=\dimen190
\l__coffin_top_corner_dim=\dimen191
\l__coffin_scaled_total_height_dim=\dimen192
\l__coffin_scaled_width_dim=\dimen193
\l__seq_internal_a_int=\count286
\l__seq_internal_b_int=\count287
)
(c:/texlive/2018/texmf-dist/tex/latex/l3kernel/l3pdfmode.def
File: l3pdfmode.def 2018-04-30 v L3 Experimental driver: PDF mode
\l__driver_color_stack_int=\count288
))
(c:/texlive/2018/texmf-dist/tex/latex/l3packages/xparse/xparse.sty
Package: xparse 2018-04-30 L3 Experimental document command parser
\l__xparse_current_arg_int=\count289
\g__xparse_grabber_int=\count290
\l__xparse_m_args_int=\count291
\l__xparse_mandatory_args_int=\count292
\l__xparse_v_nesting_int=\count293
)
Package: siunitx 2018-05-02 v2.7o A comprehensive (SI) units package

(c:/texlive/2018/texmf-dist/tex/latex/amsmath/amstext.sty
Package: amstext 2000/06/29 v2.01 AMS text

(c:/texlive/2018/texmf-dist/tex/latex/amsmath/amsgen.sty
File: amsgen.sty 1999/11/30 v2.0 generic functions
\@emptytoks=\toks21
\ex@=\dimen194
))
(c:/texlive/2018/texmf-dist/tex/latex/tools/array.sty
Package: array 2018/04/30 v2.4h Tabular extension package (FMi)
\col@sep=\dimen195
\ar@mcellbox=\box49
\extrarowheight=\dimen196
\NC@list=\toks22
\extratabsurround=\skip75
\backup@length=\skip76
\ar@cellbox=\box50
)
(c:/texlive/2018/texmf-dist/tex/latex/l3packages/l3keys2e/l3keys2e.sty
Package: l3keys2e 2018-04-30 LaTeX2e option processing using LaTeX3 keys
)
\l__siunitx_tmp_box=\box51
\l__siunitx_tmp_dim=\dimen197
\l__siunitx_tmp_int=\count294
\l__siunitx_number_mantissa_length_int=\count295
\l__siunitx_number_uncert_length_int=\count296
\l__siunitx_round_int=\count297
\l__siunitx_process_decimal_int=\count298
\l__siunitx_process_uncertainty_int=\count299
\l__siunitx_process_fixed_int=\count300
\l__siunitx_process_integer_min_int=\count301
\l__siunitx_process_precision_int=\count302
\l__siunitx_group_min_int=\count303
\l__siunitx_angle_marker_box=\box52
\l__siunitx_angle_unit_box=\box53
\l__siunitx_angle_marker_dim=\dimen198
\l__siunitx_angle_unit_dim=\dimen199
\l__siunitx_unit_int=\count304
\l__siunitx_unit_denominator_int=\count305
\l__siunitx_unit_numerator_int=\count306
\l__siunitx_unit_prefix_int=\count307
\l__siunitx_unit_prefix_base_int=\count308
\l__siunitx_unit_prefix_gram_int=\count309
\l__siunitx_number_product_int=\count310
\c__siunitx_one_fill_skip=\skip77
\l__siunitx_table_unit_align_skip=\skip78
\l__siunitx_table_exponent_dim=\dimen256
\l__siunitx_table_integer_dim=\dimen257
\l__siunitx_table_mantissa_dim=\dimen258
\l__siunitx_table_marker_dim=\dimen259
\l__siunitx_table_result_dim=\dimen260
\l__siunitx_table_uncert_dim=\dimen261
\l__siunitx_table_fill_pre_dim=\dimen262
\l__siunitx_table_fill_post_dim=\dimen263
\l__siunitx_table_fill_mid_dim=\dimen264
\l__siunitx_table_pre_box=\box54
\l__siunitx_table_post_box=\box55
\l__siunitx_table_mantissa_box=\box56
\l__siunitx_table_result_box=\box57
\l__siunitx_table_number_align_skip=\skip79
\l__siunitx_table_text_align_skip=\skip80
.................................................
. LaTeX info: "xparse/define-command"
. 
. Defining command \DeclareBinaryPrefix with sig. 'mmm' on line 7244.
.................................................
.................................................
. LaTeX info: "xparse/define-command"
. 
. Defining command \DeclareSIPostPower with sig. 'mm' on line 7247.
.................................................
.................................................
. LaTeX info: "xparse/define-command"
. 
. Defining command \DeclareSIPrefix with sig. 'mmm' on line 7250.
.................................................
.................................................
. LaTeX info: "xparse/define-command"
. 
. Defining command \DeclareSIPrePower with sig. 'mm' on line 7253.
.................................................
.................................................
. LaTeX info: "xparse/define-command"
. 
. Defining command \DeclareSIQualifier with sig. 'mm' on line 7256.
.................................................
.................................................
. LaTeX info: "xparse/define-command"
. 
. Defining command \DeclareSIUnit with sig. 'O{}mm' on line 7259.
.................................................
.................................................
. LaTeX info: "xparse/define-command"
. 
. Defining command \DeclareSIUnitWithOptions with sig. 'mmm' on line 7262.
.................................................
.................................................
. LaTeX info: "xparse/define-command"
. 
. Defining command \ang with sig. 'o>{\SplitArgument {2}{;}}m' on line 7277.
.................................................
.................................................
. LaTeX info: "xparse/define-command"
. 
. Defining command \num with sig. 'om' on line 7286.
.................................................
.................................................
. LaTeX info: "xparse/define-command"
. 
. Defining command \numlist with sig. 'o>{\SplitList {;}}m' on line 7295.
.................................................
.................................................
. LaTeX info: "xparse/define-command"
. 
. Defining command \numrange with sig. 'omm' on line 7304.
.................................................
.................................................
. LaTeX info: "xparse/define-command"
. 
. Defining command \SIlist with sig. 'o>{\SplitList {;}}mm' on line 7316.
.................................................
.................................................
. LaTeX info: "xparse/define-command"
. 
. Defining command \SIrange with sig. 'ommm' on line 7328.
.................................................
.................................................
. LaTeX info: "xparse/define-command"
. 
. Defining command \SI with sig. 'omom' on line 7340.
.................................................
.................................................
. LaTeX info: "xparse/define-command"
. 
. Defining command \sisetup with sig. 'm' on line 7343.
.................................................
.................................................
. LaTeX info: "xparse/define-command"
. 
. Defining command \tablenum with sig. 'om' on line 7358.
.................................................
.................................................
. LaTeX info: "xparse/define-command"
. 
. Defining command \si with sig. 'om' on line 7370.
.................................................
.................................................
. LaTeX info: "xparse/define-command"
. 
. Defining command \numInBookmark with sig. 'om' on line 7417.
.................................................
.................................................
. LaTeX info: "xparse/define-command"
. 
. Defining command \numrangeInBookmark with sig. 'omm' on line 7419.
.................................................
.................................................
. LaTeX info: "xparse/define-command"
. 
. Defining command \SIInBookmark with sig. 'omom' on line 7421.
.................................................
.................................................
. LaTeX info: "xparse/define-command"
. 
. Defining command \SIlistInBookmark with sig. 'omm' on line 7423.
.................................................
.................................................
. LaTeX info: "xparse/define-command"
. 
. Defining command \SIrangeInBookmark with sig. 'ommm' on line 7425.
.................................................
.................................................
. LaTeX info: "xparse/define-command"
. 
. Defining command \siInBookmark with sig. 'om' on line 7426.
.................................................

(c:/texlive/2018/texmf-dist/tex/latex/translator/translator.sty
Package: translator 2018/01/04 v1.12 Easy translation of strings in LaTeX
)) (./main.aux
LaTeX Info: Redefining \. on input line 23.
LaTeX Info: Redefining \% on input line 23.
)
\openout1 = `main.aux'.

LaTeX Font Info:    Checking defaults for OML/cmm/m/it on input line 104.
LaTeX Font Info:    ... okay on input line 104.
LaTeX Font Info:    Checking defaults for T1/cmr/m/n on input line 104.
LaTeX Font Info:    ... okay on input line 104.
LaTeX Font Info:    Checking defaults for OT1/cmr/m/n on input line 104.
LaTeX Font Info:    ... okay on input line 104.
LaTeX Font Info:    Checking defaults for OMS/cmsy/m/n on input line 104.
LaTeX Font Info:    ... okay on input line 104.
LaTeX Font Info:    Checking defaults for OMX/cmex/m/n on input line 104.
LaTeX Font Info:    ... okay on input line 104.
LaTeX Font Info:    Checking defaults for U/cmr/m/n on input line 104.
LaTeX Font Info:    ... okay on input line 104.
LaTeX Font Info:    Checking defaults for PD1/pdf/m/n on input line 104.
LaTeX Font Info:    ... okay on input line 104.
LaTeX Font Info:    Try loading font information for T1+pplx on input line 104.


(c:/texlive/2018/texmf-dist/tex/latex/psnfss/t1pplx.fd
File: t1pplx.fd 2004/09/06 font definitions for T1/pplx.
)
\big@size=\dimen265
LaTeX Info: Redefining \microtypecontext on input line 104.
Package microtype Info: Generating PDF output.
Package microtype Info: Character protrusion enabled (level 2).
Package microtype Info: Using default protrusion set `alltext'.
Package microtype Info: Automatic font expansion enabled (level 2),
(microtype)             stretch: 20, shrink: 20, step: 1, non-selected.
Package microtype Info: Using default expansion set `basictext'.
Package microtype Info: No adjustment of tracking.
Package microtype Info: No adjustment of interword spacing.
Package microtype Info: No adjustment of character kerning.

(c:/texlive/2018/texmf-dist/tex/latex/microtype/mt-ppl.cfg
File: mt-ppl.cfg 2005/11/16 v1.6 microtype config. file: Palatino (RS)
)
LaTeX Info: Redefining \. on input line 104.
LaTeX Info: Redefining \% on input line 104.

*geometry* driver: auto-detecting
*geometry* detected driver: pdftex
*geometry* verbose mode - [ preamble ] result:
* driver: pdftex
* paper: <default>
* layout: <same size as paper>
* layoutoffset:(h,v)=(0.0pt,0.0pt)
* hratio: 1:1
* modes: twoside 
* h-part:(L,W,R)=(92.14519pt, 430.00462pt, 92.14519pt)
* v-part:(T,H,B)=(91.04881pt, 608.5238pt, 95.39737pt)
* \paperwidth=614.295pt
* \paperheight=794.96999pt
* \textwidth=430.00462pt
* \textheight=608.5238pt
* \oddsidemargin=19.8752pt
* \evensidemargin=19.8752pt
* \topmargin=-18.22118pt
* \headheight=12.0pt
* \headsep=25.0pt
* \topskip=10.0pt
* \footskip=30.0pt
* \marginparwidth=48.0pt
* \marginparsep=10.0pt
* \columnsep=20.0pt
* \skip\footins=9.0pt plus 4.0pt minus 2.0pt
* \hoffset=0.0pt
* \voffset=0.0pt
* \mag=1000
* \@twocolumntrue
* \@twosidetrue
* \@mparswitchtrue
* \@reversemarginfalse
* (1in=72.27pt=25.4mm, 1cm=28.453pt)

Package caption Info: Begin \AtBeginDocument code.
Package caption Info: hyperref package is loaded.
Package caption Info: longtable package is loaded.
(c:/texlive/2018/texmf-dist/tex/latex/caption/ltcaption.sty
Package: ltcaption 2013/06/09 v1.4-94 longtable captions (AR)
)
Package caption Info: End \AtBeginDocument code.
\AtBeginShipoutBox=\box58
Package hyperref Info: Link coloring OFF on input line 104.

(c:/texlive/2018/texmf-dist/tex/latex/hyperref/nameref.sty
Package: nameref 2016/05/21 v2.44 Cross-referencing by name of section

(c:/texlive/2018/texmf-dist/tex/generic/oberdiek/gettitlestring.sty
Package: gettitlestring 2016/05/16 v1.5 Cleanup title references (HO)
)
\c@section@level=\count311
)
LaTeX Info: Redefining \ref on input line 104.
LaTeX Info: Redefining \pageref on input line 104.
LaTeX Info: Redefining \nameref on input line 104.

(./main.out) (./main.out)
\@outlinefile=\write3
\openout3 = `main.out'.


(c:/texlive/2018/texmf-dist/tex/context/base/mkii/supp-pdf.mkii
[Loading MPS to PDF converter (version 2006.09.02).]
\scratchcounter=\count312
\scratchdimen=\dimen266
\scratchbox=\box59
\nofMPsegments=\count313
\nofMParguments=\count314
\everyMPshowfont=\toks23
\MPscratchCnt=\count315
\MPscratchDim=\dimen267
\MPnumerator=\count316
\makeMPintoPDFobject=\count317
\everyMPtoPDFconversion=\toks24
) (c:/texlive/2018/texmf-dist/tex/latex/oberdiek/epstopdf-base.sty
Package: epstopdf-base 2016/05/15 v2.6 Base part for package epstopdf

(c:/texlive/2018/texmf-dist/tex/latex/oberdiek/grfext.sty
Package: grfext 2016/05/16 v1.2 Manage graphics extensions (HO)
)
Package epstopdf-base Info: Redefining graphics rule for `.eps' on input line 4
38.
Package grfext Info: Graphics extension search list:
(grfext)             [.pdf,.png,.jpg,.mps,.jpeg,.jbig2,.jb2,.PDF,.PNG,.JPG,.JPE
G,.JBIG2,.JB2,.eps]
(grfext)             \AppendGraphicsExtensions on input line 456.

(c:/texlive/2018/texmf-dist/tex/latex/latexconfig/epstopdf-sys.cfg
File: epstopdf-sys.cfg 2010/07/13 v1.3 Configuration of (r)epstopdf for TeX Liv
e
))
Now handling font encoding TS1 ...
... processing UTF-8 mapping file for font encoding TS1

(c:/texlive/2018/texmf-dist/tex/latex/base/ts1enc.dfu
File: ts1enc.dfu 2018/04/05 v1.2c UTF-8 support for inputenc
   defining Unicode char U+00A2 (decimal 162)
   defining Unicode char U+00A3 (decimal 163)
   defining Unicode char U+00A4 (decimal 164)
   defining Unicode char U+00A5 (decimal 165)
   defining Unicode char U+00A6 (decimal 166)
   defining Unicode char U+00A7 (decimal 167)
   defining Unicode char U+00A8 (decimal 168)
   defining Unicode char U+00A9 (decimal 169)
   defining Unicode char U+00AA (decimal 170)
   defining Unicode char U+00AC (decimal 172)
   defining Unicode char U+00AE (decimal 174)
   defining Unicode char U+00AF (decimal 175)
   defining Unicode char U+00B0 (decimal 176)
   defining Unicode char U+00B1 (decimal 177)
   defining Unicode char U+00B2 (decimal 178)
   defining Unicode char U+00B3 (decimal 179)
   defining Unicode char U+00B4 (decimal 180)
   defining Unicode char U+00B5 (decimal 181)
   defining Unicode char U+00B6 (decimal 182)
   defining Unicode char U+00B7 (decimal 183)
   defining Unicode char U+00B9 (decimal 185)
   defining Unicode char U+00BA (decimal 186)
   defining Unicode char U+00BC (decimal 188)
   defining Unicode char U+00BD (decimal 189)
   defining Unicode char U+00BE (decimal 190)
   defining Unicode char U+00D7 (decimal 215)
   defining Unicode char U+00F7 (decimal 247)
   defining Unicode char U+0192 (decimal 402)
   defining Unicode char U+02C7 (decimal 711)
   defining Unicode char U+02D8 (decimal 728)
   defining Unicode char U+02DD (decimal 733)
   defining Unicode char U+0E3F (decimal 3647)
   defining Unicode char U+2016 (decimal 8214)
   defining Unicode char U+2020 (decimal 8224)
   defining Unicode char U+2021 (decimal 8225)
   defining Unicode char U+2022 (decimal 8226)
   defining Unicode char U+2030 (decimal 8240)
   defining Unicode char U+2031 (decimal 8241)
   defining Unicode char U+203B (decimal 8251)
   defining Unicode char U+203D (decimal 8253)
   defining Unicode char U+2044 (decimal 8260)
   defining Unicode char U+204E (decimal 8270)
   defining Unicode char U+2052 (decimal 8274)
   defining Unicode char U+20A1 (decimal 8353)
   defining Unicode char U+20A4 (decimal 8356)
   defining Unicode char U+20A6 (decimal 8358)
   defining Unicode char U+20A9 (decimal 8361)
   defining Unicode char U+20AB (decimal 8363)
   defining Unicode char U+20AC (decimal 8364)
   defining Unicode char U+20B1 (decimal 8369)
   defining Unicode char U+2103 (decimal 8451)
   defining Unicode char U+2116 (decimal 8470)
   defining Unicode char U+2117 (decimal 8471)
   defining Unicode char U+211E (decimal 8478)
   defining Unicode char U+2120 (decimal 8480)
   defining Unicode char U+2122 (decimal 8482)
   defining Unicode char U+2126 (decimal 8486)
   defining Unicode char U+2127 (decimal 8487)
   defining Unicode char U+212E (decimal 8494)
   defining Unicode char U+2190 (decimal 8592)
   defining Unicode char U+2191 (decimal 8593)
   defining Unicode char U+2192 (decimal 8594)
   defining Unicode char U+2193 (decimal 8595)
   defining Unicode char U+2329 (decimal 9001)
   defining Unicode char U+232A (decimal 9002)
   defining Unicode char U+2422 (decimal 9250)
   defining Unicode char U+25E6 (decimal 9702)
   defining Unicode char U+25EF (decimal 9711)
   defining Unicode char U+266A (decimal 9834)
   defining Unicode char U+FEFF (decimal 65279)
)
(c:/texlive/2018/texmf-dist/tex/latex/translator/translator-basic-dictionary-En
glish.dict
Dictionary: translator-basic-dictionary, Language: English 
)
(c:/texlive/2018/texmf-dist/tex/latex/siunitx/siunitx-abbreviations.cfg
File: siunitx-abbreviations.cfg 2017/11/26 v2.7k siunitx: Abbreviated units
)
LaTeX Font Info:    Try loading font information for OT1+pplx on input line 104
.

(c:/texlive/2018/texmf-dist/tex/latex/psnfss/ot1pplx.fd
File: ot1pplx.fd 2004/09/06 font definitions for OT1/pplx.
)
LaTeX Font Info:    Try loading font information for OML+zplm on input line 104
.

(c:/texlive/2018/texmf-dist/tex/latex/psnfss/omlzplm.fd
File: omlzplm.fd 2002/09/08 Fontinst v1.914 font definitions for OML/zplm.
)
LaTeX Font Info:    Try loading font information for OMS+zplm on input line 104
.

(c:/texlive/2018/texmf-dist/tex/latex/psnfss/omszplm.fd
File: omszplm.fd 2002/09/08 Fontinst v1.914 font definitions for OMS/zplm.
)
LaTeX Font Info:    Try loading font information for OMX+zplm on input line 104
.

(c:/texlive/2018/texmf-dist/tex/latex/psnfss/omxzplm.fd
File: omxzplm.fd 2002/09/08 Fontinst v1.914 font definitions for OMX/zplm.
)
LaTeX Font Info:    Try loading font information for OT1+zplm on input line 104
.

(c:/texlive/2018/texmf-dist/tex/latex/psnfss/ot1zplm.fd
File: ot1zplm.fd 2002/09/08 Fontinst v1.914 font definitions for OT1/zplm.
)
Package microtype Info: Loading generic protrusion settings for font family
(microtype)             `zplm' (encoding: OT1).
(microtype)             For optimal results, create family-specific settings.
(microtype)             See the microtype manual for details.
Package microtype Info: Loading generic protrusion settings for font family
(microtype)             `cmss' (encoding: OT1).
(microtype)             For optimal results, create family-specific settings.
(microtype)             See the microtype manual for details.
Package microtype Info: Loading generic protrusion settings for font family
(microtype)             `cmtt' (encoding: OT1).
(microtype)             For optimal results, create family-specific settings.
(microtype)             See the microtype manual for details.
LaTeX Font Info:    Font shape `T1/pplx/bx/n' in size <14.4> not available
(Font)              Font shape `T1/pplx/b/n' tried instead on input line 107.
Package microtype Info: Character `029' is missing
(microtype)             in font `T1/pplx/m/sc/12'.
(microtype)             Ignoring protrusion settings for this character.
LaTeX Font Info:    Try loading font information for T1+cmtt on input line 107.


(c:/texlive/2018/texmf-dist/tex/latex/base/t1cmtt.fd
File: t1cmtt.fd 2014/09/29 v2.5h Standard LaTeX font definitions
)
Package microtype Info: Loading generic protrusion settings for font family
(microtype)             `cmtt' (encoding: T1).
(microtype)             For optimal results, create family-specific settings.
(microtype)             See the microtype manual for details.
LaTeX Font Info:    Font shape `T1/pplx/bx/n' in size <10> not available
(Font)              Font shape `T1/pplx/b/n' tried instead on input line 107.


Package blindtext Warning: spanish not defined, using English instead.
(blindtext)                 on input line 107.

Package microtype Info: Character `029' is missing
(microtype)             in font `T1/pplx/m/sc/14.4'.
(microtype)             Ignoring protrusion settings for this character.
Package babel Info: Redefining spanish shorthand <<
(babel)             in language  on input line 109.
Package babel Info: Redefining spanish shorthand >>
(babel)             in language  on input line 109.
Package babel Info: Redefining spanish shorthand "=
(babel)             in language  on input line 109.
Package babel Info: Redefining spanish shorthand "~
(babel)             in language  on input line 109.
Package babel Info: Redefining spanish shorthand "!
(babel)             in language  on input line 109.
Package babel Info: Redefining spanish shorthand "?
(babel)             in language  on input line 109.
Package microtype Info: Character `029' is missing
(microtype)             in font `T1/pplx/m/sc/10'.
(microtype)             Ignoring protrusion settings for this character.
Package babel Info: Redefining spanish shorthand <<
(babel)             in language  on input line 112.
Package babel Info: Redefining spanish shorthand >>
(babel)             in language  on input line 112.
Package babel Info: Redefining spanish shorthand "=
(babel)             in language  on input line 112.
Package babel Info: Redefining spanish shorthand "~
(babel)             in language  on input line 112.
Package babel Info: Redefining spanish shorthand "!
(babel)             in language  on input line 112.
Package babel Info: Redefining spanish shorthand "?
(babel)             in language  on input line 112.
Package babel Info: Redefining spanish shorthand <<
(babel)             in language  on input line 124.
Package babel Info: Redefining spanish shorthand >>
(babel)             in language  on input line 124.
Package babel Info: Redefining spanish shorthand "=
(babel)             in language  on input line 124.
Package babel Info: Redefining spanish shorthand "~
(babel)             in language  on input line 124.
Package babel Info: Redefining spanish shorthand "!
(babel)             in language  on input line 124.
Package babel Info: Redefining spanish shorthand "?
(babel)             in language  on input line 124.
Package babel Info: Redefining spanish shorthand <<
(babel)             in language  on input line 126.
Package babel Info: Redefining spanish shorthand >>
(babel)             in language  on input line 126.
Package babel Info: Redefining spanish shorthand "=
(babel)             in language  on input line 126.
Package babel Info: Redefining spanish shorthand "~
(babel)             in language  on input line 126.
Package babel Info: Redefining spanish shorthand "!
(babel)             in language  on input line 126.
Package babel Info: Redefining spanish shorthand "?
(babel)             in language  on input line 126.
Package babel Info: Redefining spanish shorthand <<
(babel)             in language  on input line 128.
Package babel Info: Redefining spanish shorthand >>
(babel)             in language  on input line 128.
Package babel Info: Redefining spanish shorthand "=
(babel)             in language  on input line 128.
Package babel Info: Redefining spanish shorthand "~
(babel)             in language  on input line 128.
Package babel Info: Redefining spanish shorthand "!
(babel)             in language  on input line 128.
Package babel Info: Redefining spanish shorthand "?
(babel)             in language  on input line 128.

Package hyperref Warning: Token not allowed in a PDF string (PDFDocEncoding):
(hyperref)                removing `math shift' on input line 128.


Package hyperref Warning: Token not allowed in a PDF string (PDFDocEncoding):
(hyperref)                removing `subscript' on input line 128.


Package hyperref Warning: Token not allowed in a PDF string (PDFDocEncoding):
(hyperref)                removing `\alpha' on input line 128.


Package hyperref Warning: Token not allowed in a PDF string (PDFDocEncoding):
(hyperref)                removing `math shift' on input line 128.


Package hyperref Warning: Token not allowed in a PDF string (PDFDocEncoding):
(hyperref)                removing `math shift' on input line 128.


Package hyperref Warning: Token not allowed in a PDF string (PDFDocEncoding):
(hyperref)                removing `subscript' on input line 128.


Package hyperref Warning: Token not allowed in a PDF string (PDFDocEncoding):
(hyperref)                removing `\beta' on input line 128.


Package hyperref Warning: Token not allowed in a PDF string (PDFDocEncoding):
(hyperref)                removing `math shift' on input line 128.

Package babel Info: Redefining spanish shorthand <<
(babel)             in language  on input line 132.
Package babel Info: Redefining spanish shorthand >>
(babel)             in language  on input line 132.
Package babel Info: Redefining spanish shorthand "=
(babel)             in language  on input line 132.
Package babel Info: Redefining spanish shorthand "~
(babel)             in language  on input line 132.
Package babel Info: Redefining spanish shorthand "!
(babel)             in language  on input line 132.
Package babel Info: Redefining spanish shorthand "?
(babel)             in language  on input line 132.
Package babel Info: Redefining spanish shorthand <<
(babel)             in language  on input line 134.
Package babel Info: Redefining spanish shorthand >>
(babel)             in language  on input line 134.
Package babel Info: Redefining spanish shorthand "=
(babel)             in language  on input line 134.
Package babel Info: Redefining spanish shorthand "~
(babel)             in language  on input line 134.
Package babel Info: Redefining spanish shorthand "!
(babel)             in language  on input line 134.
Package babel Info: Redefining spanish shorthand "?
(babel)             in language  on input line 134.
Package babel Info: Redefining spanish shorthand <<
(babel)             in language  on input line 136.
Package babel Info: Redefining spanish shorthand >>
(babel)             in language  on input line 136.
Package babel Info: Redefining spanish shorthand "=
(babel)             in language  on input line 136.
Package babel Info: Redefining spanish shorthand "~
(babel)             in language  on input line 136.
Package babel Info: Redefining spanish shorthand "!
(babel)             in language  on input line 136.
Package babel Info: Redefining spanish shorthand "?
(babel)             in language  on input line 136.
LaTeX Font Info:    Try loading font information for TS1+pplx on input line 139
.
(c:/texlive/2018/texmf-dist/tex/latex/psnfss/ts1pplx.fd
File: ts1pplx.fd 2004/09/06 font definitions for TS1/pplx.
)
Package microtype Info: Loading generic protrusion settings for font family
(microtype)             `pplx' (encoding: TS1).
(microtype)             For optimal results, create family-specific settings.
(microtype)             See the microtype manual for details.


Package microtype Warning: Unknown slot number of character
(microtype)                `\textminus '
(microtype)                in font encoding `TS1' in protrusion list
(microtype)                `textcomp'.


Package microtype Warning: Unknown slot number of character
(microtype)                `\texttrademark '
(microtype)                in font encoding `TS1' in protrusion list
(microtype)                `textcomp'.


Package microtype Warning: Unknown slot number of character
(microtype)                `\textcopyright '
(microtype)                in font encoding `TS1' in protrusion list
(microtype)                `textcomp'.


Package microtype Warning: Unknown slot number of character
(microtype)                `\textregistered '
(microtype)                in font encoding `TS1' in protrusion list
(microtype)                `textcomp'.


Package microtype Warning: Unknown slot number of character
(microtype)                `\textdegree '
(microtype)                in font encoding `TS1' in protrusion list
(microtype)                `textcomp'.


Underfull \vbox (badness 10000) has occurred while \output is active []

Package babel Info: Redefining spanish shorthand <<
(babel)             in language  on input line 146.
Package babel Info: Redefining spanish shorthand >>
(babel)             in language  on input line 146.
Package babel Info: Redefining spanish shorthand "=
(babel)             in language  on input line 146.
Package babel Info: Redefining spanish shorthand "~
(babel)             in language  on input line 146.
Package babel Info: Redefining spanish shorthand "!
(babel)             in language  on input line 146.
Package babel Info: Redefining spanish shorthand "?
(babel)             in language  on input line 146.
Package babel Info: Redefining spanish shorthand <<
(babel)             in language  on input line 146.
Package babel Info: Redefining spanish shorthand >>
(babel)             in language  on input line 146.
Package babel Info: Redefining spanish shorthand "=
(babel)             in language  on input line 146.
Package babel Info: Redefining spanish shorthand "~
(babel)             in language  on input line 146.
Package babel Info: Redefining spanish shorthand "!
(babel)             in language  on input line 146.
Package babel Info: Redefining spanish shorthand "?
(babel)             in language  on input line 146.
 [1{c:/texlive/2018/texmf-var/fonts/map/pdftex/updmap/pdftex.map}


]
<figures/Bayer_pattern.png, id=110, 351.3125pt x 228.855pt>
File: figures/Bayer_pattern.png Graphic file (type png)
<use figures/Bayer_pattern.png>
Package pdftex.def Info: figures/Bayer_pattern.png  used on input line 148.
(pdftex.def)             Requested size: 150.50424pt x 98.04604pt.
LaTeX Font Info:    Font shape `T1/pplx/bx/n' in size <9> not available
(Font)              Font shape `T1/pplx/b/n' tried instead on input line 150.
Package babel Info: Redefining spanish shorthand <<
(babel)             in language  on input line 154.
Package babel Info: Redefining spanish shorthand >>
(babel)             in language  on input line 154.
Package babel Info: Redefining spanish shorthand "=
(babel)             in language  on input line 154.
Package babel Info: Redefining spanish shorthand "~
(babel)             in language  on input line 154.
Package babel Info: Redefining spanish shorthand "!
(babel)             in language  on input line 154.
Package babel Info: Redefining spanish shorthand "?
(babel)             in language  on input line 154.
Package babel Info: Redefining spanish shorthand <<
(babel)             in language  on input line 163.
Package babel Info: Redefining spanish shorthand >>
(babel)             in language  on input line 163.
Package babel Info: Redefining spanish shorthand "=
(babel)             in language  on input line 163.
Package babel Info: Redefining spanish shorthand "~
(babel)             in language  on input line 163.
Package babel Info: Redefining spanish shorthand "!
(babel)             in language  on input line 163.
Package babel Info: Redefining spanish shorthand "?
(babel)             in language  on input line 163.
Package babel Info: Redefining spanish shorthand <<
(babel)             in language  on input line 167.
Package babel Info: Redefining spanish shorthand >>
(babel)             in language  on input line 167.
Package babel Info: Redefining spanish shorthand "=
(babel)             in language  on input line 167.
Package babel Info: Redefining spanish shorthand "~
(babel)             in language  on input line 167.
Package babel Info: Redefining spanish shorthand "!
(babel)             in language  on input line 167.
Package babel Info: Redefining spanish shorthand "?
(babel)             in language  on input line 167.
Package babel Info: Redefining spanish shorthand <<
(babel)             in language  on input line 169.
Package babel Info: Redefining spanish shorthand >>
(babel)             in language  on input line 169.
Package babel Info: Redefining spanish shorthand "=
(babel)             in language  on input line 169.
Package babel Info: Redefining spanish shorthand "~
(babel)             in language  on input line 169.
Package babel Info: Redefining spanish shorthand "!
(babel)             in language  on input line 169.
Package babel Info: Redefining spanish shorthand "?
(babel)             in language  on input line 169.


Package hyperref Warning: Token not allowed in a PDF string (PDFDocEncoding):
(hyperref)                removing `math shift' on input line 169.


Package hyperref Warning: Token not allowed in a PDF string (PDFDocEncoding):
(hyperref)                removing `subscript' on input line 169.


Package hyperref Warning: Token not allowed in a PDF string (PDFDocEncoding):
(hyperref)                removing `\alpha' on input line 169.


Package hyperref Warning: Token not allowed in a PDF string (PDFDocEncoding):
(hyperref)                removing `math shift' on input line 169.


Package hyperref Warning: Token not allowed in a PDF string (PDFDocEncoding):
(hyperref)                removing `math shift' on input line 169.


Package hyperref Warning: Token not allowed in a PDF string (PDFDocEncoding):
(hyperref)                removing `subscript' on input line 169.


Package hyperref Warning: Token not allowed in a PDF string (PDFDocEncoding):
(hyperref)                removing `\beta' on input line 169.


Package hyperref Warning: Token not allowed in a PDF string (PDFDocEncoding):
(hyperref)                removing `math shift' on input line 169.

Package babel Info: Redefining spanish shorthand <<
(babel)             in language  on input line 171.
Package babel Info: Redefining spanish shorthand >>
(babel)             in language  on input line 171.
Package babel Info: Redefining spanish shorthand "=
(babel)             in language  on input line 171.
Package babel Info: Redefining spanish shorthand "~
(babel)             in language  on input line 171.
Package babel Info: Redefining spanish shorthand "!
(babel)             in language  on input line 171.
Package babel Info: Redefining spanish shorthand "?
(babel)             in language  on input line 171.
Package babel Info: Redefining spanish shorthand <<
(babel)             in language  on input line 173.
Package babel Info: Redefining spanish shorthand >>
(babel)             in language  on input line 173.
Package babel Info: Redefining spanish shorthand "=
(babel)             in language  on input line 173.
Package babel Info: Redefining spanish shorthand "~
(babel)             in language  on input line 173.
Package babel Info: Redefining spanish shorthand "!
(babel)             in language  on input line 173.
Package babel Info: Redefining spanish shorthand "?
(babel)             in language  on input line 173.
Package babel Info: Redefining spanish shorthand <<
(babel)             in language  on input line 175.
Package babel Info: Redefining spanish shorthand >>
(babel)             in language  on input line 175.
Package babel Info: Redefining spanish shorthand "=
(babel)             in language  on input line 175.
Package babel Info: Redefining spanish shorthand "~
(babel)             in language  on input line 175.
Package babel Info: Redefining spanish shorthand "!
(babel)             in language  on input line 175.
Package babel Info: Redefining spanish shorthand "?
(babel)             in language  on input line 175.
Package babel Info: Redefining spanish shorthand <<
(babel)             in language  on input line 177.
Package babel Info: Redefining spanish shorthand >>
(babel)             in language  on input line 177.
Package babel Info: Redefining spanish shorthand "=
(babel)             in language  on input line 177.
Package babel Info: Redefining spanish shorthand "~
(babel)             in language  on input line 177.
Package babel Info: Redefining spanish shorthand "!
(babel)             in language  on input line 177.
Package babel Info: Redefining spanish shorthand "?
(babel)             in language  on input line 177.
Package babel Info: Redefining spanish shorthand <<
(babel)             in language  on input line 180.
Package babel Info: Redefining spanish shorthand >>
(babel)             in language  on input line 180.
Package babel Info: Redefining spanish shorthand "=
(babel)             in language  on input line 180.
Package babel Info: Redefining spanish shorthand "~
(babel)             in language  on input line 180.
Package babel Info: Redefining spanish shorthand "!
(babel)             in language  on input line 180.
Package babel Info: Redefining spanish shorthand "?
(babel)             in language  on input line 180.
Package babel Info: Redefining spanish shorthand <<
(babel)             in language  on input line 185.
Package babel Info: Redefining spanish shorthand >>
(babel)             in language  on input line 185.
Package babel Info: Redefining spanish shorthand "=
(babel)             in language  on input line 185.
Package babel Info: Redefining spanish shorthand "~
(babel)             in language  on input line 185.
Package babel Info: Redefining spanish shorthand "!
(babel)             in language  on input line 185.
Package babel Info: Redefining spanish shorthand "?
(babel)             in language  on input line 185.
(./main.bbl
Underfull \hbox (badness 2932) in paragraph at lines 4--6
[]\T1/pplx/m/sc/10 (+20) 6by9\T1/pplx/m/n/10 (+20) , \T1/pplx/m/it/10 (+20) ras
-pi-raw\T1/pplx/m/n/10 (+20) .  []$\T1/cmtt/m/n/10 https : / / github . com /
 []


Underfull \vbox (badness 10000) has occurred while \output is active []

)
Package babel Info: Redefining spanish shorthand <<
(babel)             in language  on input line 199.
Package babel Info: Redefining spanish shorthand >>
(babel)             in language  on input line 199.
Package babel Info: Redefining spanish shorthand "=
(babel)             in language  on input line 199.
Package babel Info: Redefining spanish shorthand "~
(babel)             in language  on input line 199.
Package babel Info: Redefining spanish shorthand "!
(babel)             in language  on input line 199.
Package babel Info: Redefining spanish shorthand "?
(babel)             in language  on input line 199.
Package babel Info: Redefining spanish shorthand <<
(babel)             in language  on input line 199.
Package babel Info: Redefining spanish shorthand >>
(babel)             in language  on input line 199.
Package babel Info: Redefining spanish shorthand "=
(babel)             in language  on input line 199.
Package babel Info: Redefining spanish shorthand "~
(babel)             in language  on input line 199.
Package babel Info: Redefining spanish shorthand "!
(babel)             in language  on input line 199.
Package babel Info: Redefining spanish shorthand "?
(babel)             in language  on input line 199.
 [2 <./figures/Bayer_pattern.png>]
Package babel Info: Redefining spanish shorthand <<
(babel)             in language  on input line 203.
Package babel Info: Redefining spanish shorthand >>
(babel)             in language  on input line 203.
Package babel Info: Redefining spanish shorthand "=
(babel)             in language  on input line 203.
Package babel Info: Redefining spanish shorthand "~
(babel)             in language  on input line 203.
Package babel Info: Redefining spanish shorthand "!
(babel)             in language  on input line 203.
Package babel Info: Redefining spanish shorthand "?
(babel)             in language  on input line 203.
Package babel Info: Redefining spanish shorthand <<
(babel)             in language  on input line 205.
Package babel Info: Redefining spanish shorthand >>
(babel)             in language  on input line 205.
Package babel Info: Redefining spanish shorthand "=
(babel)             in language  on input line 205.
Package babel Info: Redefining spanish shorthand "~
(babel)             in language  on input line 205.
Package babel Info: Redefining spanish shorthand "!
(babel)             in language  on input line 205.
Package babel Info: Redefining spanish shorthand "?
(babel)             in language  on input line 205.
Package babel Info: Redefining spanish shorthand <<
(babel)             in language  on input line 207.
Package babel Info: Redefining spanish shorthand >>
(babel)             in language  on input line 207.
Package babel Info: Redefining spanish shorthand "=
(babel)             in language  on input line 207.
Package babel Info: Redefining spanish shorthand "~
(babel)             in language  on input line 207.
Package babel Info: Redefining spanish shorthand "!
(babel)             in language  on input line 207.
Package babel Info: Redefining spanish shorthand "?
(babel)             in language  on input line 207.
Package babel Info: Redefining spanish shorthand <<
(babel)             in language  on input line 209.
Package babel Info: Redefining spanish shorthand >>
(babel)             in language  on input line 209.
Package babel Info: Redefining spanish shorthand "=
(babel)             in language  on input line 209.
Package babel Info: Redefining spanish shorthand "~
(babel)             in language  on input line 209.
Package babel Info: Redefining spanish shorthand "!
(babel)             in language  on input line 209.
Package babel Info: Redefining spanish shorthand "?
(babel)             in language  on input line 209.
Package babel Info: Redefining spanish shorthand <<
(babel)             in language  on input line 211.
Package babel Info: Redefining spanish shorthand >>
(babel)             in language  on input line 211.
Package babel Info: Redefining spanish shorthand "=
(babel)             in language  on input line 211.
Package babel Info: Redefining spanish shorthand "~
(babel)             in language  on input line 211.
Package babel Info: Redefining spanish shorthand "!
(babel)             in language  on input line 211.
Package babel Info: Redefining spanish shorthand "?
(babel)             in language  on input line 211.
Package atveryend Info: Empty hook `BeforeClearDocument' on input line 213.
Package babel Info: Redefining spanish shorthand <<
(babel)             in language  on input line 213.
Package babel Info: Redefining spanish shorthand >>
(babel)             in language  on input line 213.
Package babel Info: Redefining spanish shorthand "=
(babel)             in language  on input line 213.
Package babel Info: Redefining spanish shorthand "~
(babel)             in language  on input line 213.
Package babel Info: Redefining spanish shorthand "!
(babel)             in language  on input line 213.
Package babel Info: Redefining spanish shorthand "?
(babel)             in language  on input line 213.
Package babel Info: Redefining spanish shorthand <<
(babel)             in language  on input line 213.
Package babel Info: Redefining spanish shorthand >>
(babel)             in language  on input line 213.
Package babel Info: Redefining spanish shorthand "=
(babel)             in language  on input line 213.
Package babel Info: Redefining spanish shorthand "~
(babel)             in language  on input line 213.
Package babel Info: Redefining spanish shorthand "!
(babel)             in language  on input line 213.
Package babel Info: Redefining spanish shorthand "?
(babel)             in language  on input line 213.
 [3


]
Package atveryend Info: Empty hook `AfterLastShipout' on input line 213.
 (./main.aux
LaTeX Info: Redefining \. on input line 23.
LaTeX Info: Redefining \% on input line 23.
)
Package atveryend Info: Executing hook `AtVeryEndDocument' on input line 213.
Package atveryend Info: Executing hook `AtEndAfterFileList' on input line 213.
Package rerunfilecheck Info: File `main.out' has not changed.
(rerunfilecheck)             Checksum: 1163E42FF0A86A5FC9BBF620100D00C3;1514.
Package atveryend Info: Empty hook `AtVeryVeryEnd' on input line 213.
 ) 
Here is how much of TeX's memory you used:
 21567 strings out of 492649
 407100 string characters out of 6133385
 496805 words of memory out of 5000000
 24992 multiletter control sequences out of 15000+600000
 604174 words of font info for 244 fonts, out of 8000000 for 9000
 1141 hyphenation exceptions out of 8191
 36i,10n,43p,10432b,759s stack positions out of 5000i,500n,10000p,200000b,80000s
{c:/texlive/2018/texmf-dist/fonts/enc/dvips/base/8r.enc}{c:/texlive/2018/texm
f-dist/fonts/enc/dvips/cm-super/cm-super-t1.enc}<c:/texlive/2018/texmf-dist/fon
ts/type1/public/amsfonts/cm/cmsy10.pfb><c:/texlive/2018/texmf-dist/fonts/type1/
public/mathpazo/fplmri.pfb><c:/texlive/2018/texmf-dist/fonts/type1/public/fpl/f
plrc8a.pfb><c:/texlive/2018/texmf-dist/fonts/type1/public/cm-super/sftt1000.pfb
><c:/texlive/2018/texmf-dist/fonts/type1/urw/palatino/uplb8a.pfb><c:/texlive/20
18/texmf-dist/fonts/type1/urw/palatino/uplr8a.pfb><c:/texlive/2018/texmf-dist/f
onts/type1/urw/palatino/uplri8a.pfb>
Output written on main.pdf (3 pages, 139128 bytes).
PDF statistics:
 161 PDF objects out of 1000 (max. 8388607)
 145 compressed objects within 2 object streams
 29 named destinations out of 1000 (max. 500000)
 73406 words of extra memory for PDF output out of 74296 (max. 10000000)

